make all -f /Users/wa5ina/42/cpp/cpp01/ex03/Makefile --print-data-base --no-builtin-variables --no-builtin-rules --question
# GNU Make 3.81
# Copyright (C) 2006  Free Software Foundation, Inc.
# This is free software; see the source for copying conditions.
# There is NO warranty; not even for MERCHANTABILITY or FITNESS FOR A
# PARTICULAR PURPOSE.

# This program built for i386-apple-darwin11.3.0

# Make data base, printed on Thu Jun 23 16:52:34 2022

# Variables

# environment
VSCODE_GIT_ASKPASS_MAIN = /Applications/Visual Studio Code.app/Contents/Resources/app/extensions/git/dist/askpass-main.js
# environment
HEADER42_MAIL = ren-nasr@student.1337.ma
# automatic
?F = $(notdir $?)
# automatic
<D = $(patsubst %/,%,$(dir $<))
# environment
ELECTRON_NO_ATTACH_CONSOLE = 1
# environment
VSCODE_LOG_NATIVE = false
# environment
NVM_INC = /Users/wa5ina/.nvm/versions/node/v17.8.0/include/node
# automatic
?D = $(patsubst %/,%,$(dir $?))
# automatic
@D = $(patsubst %/,%,$(dir $@))
# automatic
@F = $(notdir $@)
# makefile
CURDIR := /Users/wa5ina/42/realCPP/cpp04/ex02
# makefile
SHELL = /bin/sh
# environment
VSCODE_NLS_CONFIG = {"locale":"en-us","availableLanguages":{},"_languagePackSupport":true}
# environment
_ = /usr/bin/make
# makefile
MAKEFILE_LIST := 
# environment
AUTOJUMP_SOURCED = 1
# environment
VSCODE_VERBOSE_LOGGING = true
# environment
__CFBundleIdentifier = com.microsoft.VSCode
# environment
INFOPATH = /opt/homebrew/share/info:/opt/homebrew/share/info:/opt/homebrew/share/info:/opt/homebrew/share/info:/opt/homebrew/share/info:
# environment
VSCODE_IPC_HOOK_EXTHOST = /var/folders/gd/wndq0fg91c53nmgvc_ynx2t40000gn/T/vscode-ipc-2963167c-5b09-4120-a559-ba70a140001b.sock
# environment
VSCODE_CWD = /Users/wa5ina/42/realCPP/cpp04
# environment
PATH = /Users/wa5ina/.nvm/versions/node/v17.8.0/bin:/opt/homebrew/bin:/opt/homebrew/sbin:~/bin:”/Users/wa5ina/.emacs.d/bin:/Users/wa5ina/Library/Python/3.8/bin:/opt/homebrew/Cellar:/usr/local/bin:/usr/bin:/bin:/usr/sbin:/sbin:/Library/Apple/usr/bin:/Users/wa5ina/.nvm/versions/node/v17.8.0/bin:/opt/homebrew/bin:/opt/homebrew/sbin:~/bin:”/Users/wa5ina/.emacs.d/bin:/Users/wa5ina/Library/Python/3.8/bin:/opt/homebrew/Cellar:/Library/Apple/usr/bin”:/Users/wa5ina/Library/Android/sdk/emulator:/Users/wa5ina/Library/Android/sdk/platform-tools”:/Users/wa5ina/Library/Android/sdk/platform-tools”:/Users/wa5ina/Library/Android/sdk/emulator:/Users/wa5ina/Library/Android/sdk/platform-tools
# environment
LSCOLORS = Gxfxcxdxbxegedabagacad
# environment
NVM_BIN = /Users/wa5ina/.nvm/versions/node/v17.8.0/bin
# environment
VSCODE_LOG_STACK = false
# environment
ELECTRON_RUN_AS_NODE = 1
# default
.FEATURES := target-specific order-only second-expansion else-if archives jobserver check-symlink
# environment
SSH_AUTH_SOCK = /private/tmp/com.apple.launchd.punDJXVqsz/Listeners
# automatic
%F = $(notdir $%)
# environment
VSCODE_PIPE_LOGGING = true
# environment
PWD = /Users/wa5ina/42/realCPP/cpp04/ex02
# environment
HOMEBREW_CELLAR = /opt/homebrew/Cellar
# environment
FILE = infile
# environment
ORIGINAL_XDG_CURRENT_DESKTOP = undefined
# environment
MANPATH = /Users/wa5ina/.nvm/versions/node/v17.8.0/share/man:/opt/homebrew/share/man:/opt/homebrew/Cellar/check/0.15.2/share/man/man1/checkmk.1:/usr/share/man:/usr/local/share/man:/Users/wa5ina/.nvm/versions/node/v17.8.0/share/man:/opt/homebrew/share/man:/opt/homebrew/Cellar/check/0.15.2/share/man/man1/checkmk.1:
# environment
VSCODE_AMD_ENTRYPOINT = vs/workbench/api/node/extensionHostProcess
# environment
HOME = /Users/wa5ina
# default
MAKEFILEPATH = $(shell /usr/bin/xcode-select -print-path 2>/dev/null || echo /Developer)/Makefiles
# environment
VSCODE_CLI = 1
# environment
VSCODE_CODE_CACHE_PATH = /Users/wa5ina/Library/Application Support/Code/CachedData/30d9c6cd9483b2cc586687151bcbcd635f373630
# environment
LOGNAME = wa5ina
# environment
APPLICATION_INSIGHTS_NO_DIAGNOSTIC_CHANNEL = 1
# environment
NVM_CD_FLAGS = -q
# environment
ZSH = /Users/wa5ina/.oh-my-zsh
# environment
VSCODE_HANDLES_UNCAUGHT_ERRORS = true
# automatic
^D = $(patsubst %/,%,$(dir $^))
# environment
MAKELEVEL := 0
# environment
XPC_FLAGS = 0x0
# environment
COLORTERM = truecolor
# default
MAKE = $(MAKE_COMMAND)
# default
MAKECMDGOALS := all
# environment
SHLVL = 9
# default
MAKE_VERSION := 3.81
# environment
USER = wa5ina
# makefile
.DEFAULT_GOAL := 
# environment
LESS = -R
# automatic
%D = $(patsubst %/,%,$(dir $%))
# default
MAKE_COMMAND := /Library/Developer/CommandLineTools/usr/bin/make
# environment
VSCODE_GIT_ASKPASS_EXTRA_ARGS = --ms-enable-electron-run-as-node
# environment
TERM_PROGRAM = vscode
# default
.VARIABLES := 
# environment
TMPDIR = /var/folders/gd/wndq0fg91c53nmgvc_ynx2t40000gn/T/
# automatic
*F = $(notdir $*)
# environment
VSCODE_IPC_HOOK = /Users/wa5ina/Library/Application Support/Code/1.68.1-main.sock
# environment
VSCODE_GIT_ASKPASS_NODE = /Applications/Visual Studio Code.app/Contents/Frameworks/Code Helper.app/Contents/MacOS/Code Helper
# makefile
MAKEFLAGS = Rrp
# environment
MFLAGS = -Rrp
# automatic
*D = $(patsubst %/,%,$(dir $*))
# environment
TERM_PROGRAM_VERSION = 1.68.1
# environment
NVM_DIR = /Users/wa5ina/.nvm
# environment
HEADER42_LOGIN = ren-nasr
# environment
XPC_SERVICE_NAME = application.com.microsoft.VSCode.8921875.8921881.1ADA5FA9-BCF7-41E9-AD65-7B8ABD358CF0
# environment
HOMEBREW_PREFIX = /opt/homebrew
# automatic
+D = $(patsubst %/,%,$(dir $+))
# automatic
+F = $(notdir $+)
# environment
HOMEBREW_REPOSITORY = /opt/homebrew
# environment
__CF_USER_TEXT_ENCODING = 0x1F5:0x0:0x0
# environment
COMMAND_MODE = unix2003
# environment
GIT_ASKPASS = /Applications/Visual Studio Code.app/Contents/Resources/app/extensions/git/dist/askpass.sh
# default
MAKEFILES := 
# automatic
<F = $(notdir $<)
# environment
PAGER = less
# environment
ANDROID_SDK_ROOT = /Users/wa5ina/Library/Android/sdk
# environment
LC_ALL = C
# automatic
^F = $(notdir $^)
# default
SUFFIXES := 
# default
.INCLUDE_DIRS = /usr/local/include
# environment
VSCODE_GIT_IPC_HANDLE = /var/folders/gd/wndq0fg91c53nmgvc_ynx2t40000gn/T/vscode-git-25acd2ffc7.sock
# environment
AUTOJUMP_ERROR_PATH = /Users/wa5ina/Library/autojump/errors.log
# environment
LANG = C
# environment
TERM = xterm-256color
# environment
VSCODE_PID = 24922
# variable set hash-table stats:
# Load=92/1024=9%, Rehash=0, Collisions=4/111=4%

# Pattern-specific Variable Values

# No pattern-specific variable values.

# Directories


# No files, no impossibilities in 0 directories.

# Implicit Rules

# No implicit rules.

# Files

# Not a target:
all:
#  Command-line target.
#  Implicit rule search has not been done.
#  Modification time never checked.
#  File has not been updated.

# Not a target:
.SUFFIXES:
#  Implicit rule search has not been done.
#  Modification time never checked.
#  File has not been updated.

# Not a target:
.DEFAULT:
#  Implicit rule search has not been done.
#  Modification time never checked.
#  File has not been updated.

# Not a target:
/Users/wa5ina/42/cpp/cpp01/ex03/Makefile:
#  Implicit rule search has been done.
#  File does not exist.
#  File has not been updated.
# variable set hash-table stats:
# Load=0/32=0%, Rehash=0, Collisions=0/0=0%

# files hash-table stats:
# Load=4/1024=0%, Rehash=0, Collisions=0/16=0%
# VPATH Search Paths

# No `vpath' search paths.

# No general (`VPATH' variable) search path.

# # of strings in strcache: 1
# # of strcache buffers: 1
# strcache size: total = 4096 / max = 4096 / min = 4096 / avg = 4096
# strcache free: total = 4055 / max = 4055 / min = 4055 / avg = 4055

# Finished Make data base on Thu Jun 23 16:52:34 2022

 
make: /Users/wa5ina/42/cpp/cpp01/ex03/Makefile: No such file or directory
make: *** No rule to make target `/Users/wa5ina/42/cpp/cpp01/ex03/Makefile'.  Stop.

